<?xml version="1.0" encoding="UTF-8"?>
<testsuite xmlns:xsi="http://www.w3.org/2001/XMLSchema-instance" xsi:noNamespaceSchemaLocation="https://maven.apache.org/surefire/maven-surefire-plugin/xsd/surefire-test-report-3.0.xsd" version="3.0" name="com.bookshop.services.CartServiceTest" time="0.012" tests="5" errors="0" skipped="0" failures="0">
  <properties>
[...]
</properties>
  <testcase name="testClearCart" classname="com.bookshop.services.CartServiceTest" time="0.005"/>
  <testcase name="testUpdateCartItemQuantity" classname="com.bookshop.services.CartServiceTest" time="0.001"/>
  <testcase name="testRemoveFromCart" classname="com.bookshop.services.CartServiceTest" time="0.001"/>
  <testcase name="testAddToCart" classname="com.bookshop.services.CartServiceTest" time="0.001"/>
  <testcase name="testCalculateTotal" classname="com.bookshop.services.CartServiceTest" time="0.001"/>
</testsuite>